[   88765ms] [ERROR] Failed to load resource: the server responded with a status of 500 (Internal Server Error) @ http://localhost:3002/dashboard?_rsc=1t1fm:0
[   88960ms] [ERROR] Failed to load resource: the server responded with a status of 404 (Not Found) @ http://localhost:3002/_next/static/chunks/app/dashboard/page.js:0
[   88986ms] [ERROR] Failed to load resource: the server responded with a status of 404 (Not Found) @ http://localhost:3002/_next/static/css/app/layout.css?v=1771976150559:0
[   89036ms] [ERROR] Failed to load resource: the server responded with a status of 404 (Not Found) @ http://localhost:3002/_next/static/chunks/main-app.js?v=1771976150559:0
[   89037ms] [ERROR] Failed to load resource: the server responded with a status of 404 (Not Found) @ http://localhost:3002/_next/static/chunks/app/layout.js:0
[   89037ms] [ERROR] Failed to load resource: the server responded with a status of 404 (Not Found) @ http://localhost:3002/_next/static/chunks/app-pages-internals.js:0
[   89037ms] [ERROR] Failed to load resource: the server responded with a status of 404 (Not Found) @ http://localhost:3002/_next/static/chunks/app/dashboard/page.js:0
[   89264ms] [ERROR] Failed to load resource: the server responded with a status of 404 (Not Found) @ http://localhost:3002/_next/static/css/app/layout.css?v=1771976150835:0
[   89275ms] [ERROR] Failed to load resource: the server responded with a status of 404 (Not Found) @ http://localhost:3002/_next/static/chunks/app-pages-internals.js:0
[   89276ms] [ERROR] Failed to load resource: the server responded with a status of 404 (Not Found) @ http://localhost:3002/_next/static/chunks/main-app.js?v=1771976150835:0
[   89277ms] [ERROR] Failed to load resource: the server responded with a status of 404 (Not Found) @ http://localhost:3002/_next/static/chunks/app/layout.js:0
[   89277ms] [ERROR] Failed to load resource: the server responded with a status of 404 (Not Found) @ http://localhost:3002/_next/static/chunks/app/clients/page.js:0
[   91621ms] [ERROR] Failed to load resource: the server responded with a status of 404 (Not Found) @ http://localhost:3002/_next/static/css/app/layout.css?v=1771976153194:0
[   91632ms] [ERROR] Failed to load resource: the server responded with a status of 404 (Not Found) @ http://localhost:3002/_next/static/chunks/main-app.js?v=1771976153194:0
[   91632ms] [ERROR] Failed to load resource: the server responded with a status of 404 (Not Found) @ http://localhost:3002/_next/static/chunks/app/layout.js:0
[   91632ms] [ERROR] Failed to load resource: the server responded with a status of 404 (Not Found) @ http://localhost:3002/_next/static/chunks/app-pages-internals.js:0
[   91633ms] [ERROR] Failed to load resource: the server responded with a status of 404 (Not Found) @ http://localhost:3002/_next/static/chunks/app/dashboard/page.js:0
[   94122ms] [ERROR] Failed to load resource: the server responded with a status of 404 (Not Found) @ http://localhost:3002/_next/static/css/app/layout.css?v=1771976155702:0
[   94134ms] [ERROR] Failed to load resource: the server responded with a status of 404 (Not Found) @ http://localhost:3002/_next/static/chunks/app-pages-internals.js:0
[   94134ms] [ERROR] Failed to load resource: the server responded with a status of 404 (Not Found) @ http://localhost:3002/_next/static/chunks/main-app.js?v=1771976155702:0
[   94135ms] [ERROR] Failed to load resource: the server responded with a status of 404 (Not Found) @ http://localhost:3002/_next/static/chunks/app/clients/page.js:0
[   94135ms] [ERROR] Failed to load resource: the server responded with a status of 404 (Not Found) @ http://localhost:3002/_next/static/chunks/app/layout.js:0
